\BOOKMARK [1][-]{section.1}{\376\377\177\026\213\321\126\150\145\057\143\001\166\204\000C\213\355\212\000\162\171\140\047\123\312\000C\213\355\212\000\133\120\226\306}{}% 1
\BOOKMARK [2][-]{subsection.1.1}{\376\377\145\057\143\001\166\204\162\171\140\047}{section.1}% 2
\BOOKMARK [3][-]{subsubsection.1.1.1}{\376\377\145\160\143\156\174\173\127\213}{subsection.1.1}% 3
\BOOKMARK [3][-]{subsubsection.1.1.2}{\376\377\123\330\221\317\000,\136\070\221\317\166\204\130\360\146\016\124\214\215\113\120\074}{subsection.1.1}% 4
\BOOKMARK [3][-]{subsubsection.1.1.3}{\376\377\133\232\116\111\121\375\145\160}{subsection.1.1}% 5
\BOOKMARK [3][-]{subsubsection.1.1.4}{\376\377\154\350\221\312}{subsection.1.1}% 6
\BOOKMARK [3][-]{subsubsection.1.1.5}{\376\377\122\006\145\057\176\323\147\204}{subsection.1.1}% 7
\BOOKMARK [3][-]{subsubsection.1.1.6}{\376\377\137\252\163\257\176\323\147\204}{subsection.1.1}% 8
\BOOKMARK [2][-]{subsection.1.2}{\376\377\165\050\000C\000F\000G\143\317\217\360\000C\213\355\212\000\133\120\226\306}{section.1}% 9
\BOOKMARK [3][-]{subsubsection.1.2.1}{\376\377\150\007\213\306\173\046\166\204\124\175\124\015}{subsection.1.2}% 10
\BOOKMARK [3][-]{subsubsection.1.2.2}{\376\377\123\330\221\317\130\360\146\016}{subsection.1.2}% 11
\BOOKMARK [3][-]{subsubsection.1.2.3}{\376\377\123\330\221\317\215\113\120\074}{subsection.1.2}% 12
\BOOKMARK [2][-]{subsection.1.3}{\376\377\145\160\176\304\130\360\146\016}{section.1}% 13
\BOOKMARK [2][-]{subsection.1.4}{\376\377\121\375\145\160\133\232\116\111}{section.1}% 14
\BOOKMARK [2][-]{subsection.1.5}{\376\377\137\252\163\257\213\355\123\345}{section.1}% 15
\BOOKMARK [2][-]{subsection.1.6}{\376\377\147\141\116\366\213\355\123\345}{section.1}% 16
\BOOKMARK [1][-]{section.2}{\376\377\154\107\177\026\172\013\136\217}{}% 17
\BOOKMARK [2][-]{subsection.2.1}{\376\377\123\237\000C\213\355\212\000\172\013\136\217}{section.2}% 18
\BOOKMARK [2][-]{subsection.2.2}{\376\377\154\107\177\026\213\355\212\000\172\013\136\217}{section.2}% 19
\BOOKMARK [2][-]{subsection.2.3}{\376\377\165\050\000g\000c\000c\165\037\142\020\166\204\154\107\177\026\213\355\212\000\172\013\136\217}{section.2}% 20
